
    2022-06-03T13:37:35.412Z 
    warn: 
    la ruta no existe

    2022-06-03T13:37:35.864Z 
    warn: 
    la ruta no existe

    2022-06-03T13:37:35.954Z 
    warn: 
    la ruta no existe

    2022-06-03T13:37:36.394Z 
    warn: 
    la ruta no existe

    2022-06-03T13:37:36.659Z 
    warn: 
    la ruta no existe

    2022-06-03T13:37:44.802Z 
    warn: 
    la ruta no existe

    2022-06-03T13:37:45.156Z 
    warn: 
    la ruta no existe

    2022-06-03T13:37:45.196Z 
    warn: 
    la ruta no existe

    2022-06-03T13:37:45.213Z 
    warn: 
    la ruta no existe

    2022-06-03T13:38:02.109Z 
    warn: 
    la ruta no existe

    2022-06-03T13:38:02.126Z 
    warn: 
    la ruta no existe

    2022-06-03T13:38:02.269Z 
    warn: 
    la ruta no existe

    2022-06-03T13:38:02.541Z 
    warn: 
    la ruta no existe

    2022-06-03T13:39:04.318Z 
    warn: 
    la ruta no existe

    2022-06-03T13:39:05.334Z 
    warn: 
    la ruta no existe

    2022-06-03T13:39:05.648Z 
    warn: 
    la ruta no existe

    2022-06-03T13:39:05.922Z 
    warn: 
    la ruta no existe

    2022-06-03T13:46:10.430Z 
    warn: 
    la ruta no existe

    2022-06-03T13:46:10.954Z 
    warn: 
    la ruta no existe

    2022-06-03T13:46:11.322Z 
    warn: 
    la ruta no existe

    2022-06-03T13:46:11.334Z 
    warn: 
    la ruta no existe

    2022-06-03T13:48:40.350Z 
    warn: 
    la ruta no existe

    2022-06-03T13:48:40.599Z 
    warn: 
    la ruta no existe

    2022-06-03T13:48:40.687Z 
    warn: 
    la ruta no existe

    2022-06-03T13:48:40.700Z 
    warn: 
    la ruta no existe

    2022-06-03T13:55:38.781Z 
    warn: 
    la ruta no existe

    2022-06-03T13:55:39.346Z 
    warn: 
    la ruta no existe

    2022-06-03T13:55:39.737Z 
    warn: 
    la ruta no existe

    2022-06-03T13:55:39.749Z 
    warn: 
    la ruta no existe

    2022-06-03T13:56:06.214Z 
    warn: 
    la ruta no existe

    2022-06-10T19:13:10.524Z 
    error: 
    undefined

    2022-06-10T19:17:15.762Z 
    error: 
    undefined

    2022-06-10T19:18:20.337Z 
    error: 
    undefined

    2022-06-10T19:23:05.795Z 
    error: 
    undefined

    2022-06-10T19:23:26.987Z 
    error: 
    undefined

    2022-06-10T19:23:57.007Z 
    error: 
    undefined

    2022-06-10T19:24:35.870Z 
    error: 
    undefined

    2022-06-10T19:26:52.882Z 
    error: 
    undefined

    2022-06-10T20:17:16.442Z 
    warn: 
    la ruta no existe

    2022-06-11T17:50:17.672Z 
    warn: 
    la ruta no existe

    2022-06-14T04:29:34.649Z 
    warn: 
    la ruta no existe

    2022-06-14T04:29:35.339Z 
    warn: 
    la ruta no existe

    2022-06-14T04:29:39.974Z 
    warn: 
    la ruta no existe

    2022-06-16T20:04:38.101Z 
    warn: 
    la ruta no existe

    2022-06-16T20:04:39.119Z 
    warn: 
    la ruta no existe

    2022-06-16T20:21:55.591Z 
    error: 
    undefined

    2022-06-16T20:53:17.636Z 
    error: 
    Mail doesn't exists

    2022-06-17T18:05:38.295Z 
    warn: 
    la ruta no existe

    2022-06-17T18:05:43.364Z 
    error: 
    Mail doesn't exists

    2022-06-17T18:08:23.930Z 
    warn: 
    la ruta no existe

    2022-06-17T18:08:24.912Z 
    warn: 
    la ruta no existe

    2022-06-19T18:29:32.283Z 
    warn: 
    la ruta no existe

    2022-06-19T18:37:29.446Z 
    warn: 
    la ruta no existe

    2022-06-19T18:39:50.772Z 
    warn: 
    la ruta no existe

    2022-06-19T18:58:59.287Z 
    warn: 
    la ruta no existe

    2022-06-19T18:59:03.590Z 
    warn: 
    la ruta no existe

    2022-06-19T19:01:38.057Z 
    warn: 
    la ruta no existe

    2022-06-19T19:02:37.614Z 
    warn: 
    la ruta no existe

    2022-06-19T19:10:25.954Z 
    warn: 
    la ruta no existe

    2022-06-19T19:10:26.548Z 
    warn: 
    la ruta no existe

    2022-06-20T20:34:18.436Z 
    warn: 
    la ruta no existe

    2022-06-22T20:35:30.783Z 
    error: 
    undefined

    2022-06-23T18:49:48.407Z 
    warn: 
    la ruta no existe

    2022-06-28T19:55:51.163Z 
    warn: 
    la ruta no existe

    2022-06-28T19:55:59.616Z 
    warn: 
    la ruta no existe

    2022-06-28T20:13:58.990Z 
    error: 
    undefined

    2022-07-02T16:11:34.323Z 
    warn: 
    la ruta no existe

    2022-07-04T18:19:35.118Z 
    warn: 
    la ruta no existe

    2022-07-05T00:03:30.175Z 
    error: 
    undefined

    2022-07-05T00:03:30.253Z 
    error: 
    undefined

    2022-07-05T00:03:30.319Z 
    error: 
    undefined

    2022-07-05T00:03:30.366Z 
    error: 
    undefined

    2022-07-05T00:03:30.398Z 
    error: 
    undefined

    2022-07-05T00:03:30.426Z 
    error: 
    undefined

    2022-07-05T00:03:30.465Z 
    error: 
    undefined

    2022-07-05T00:03:30.512Z 
    error: 
    undefined

    2022-07-05T00:03:30.562Z 
    error: 
    undefined

    2022-07-05T00:03:30.620Z 
    error: 
    undefined

    2022-07-05T00:03:30.675Z 
    error: 
    undefined

    2022-07-05T00:03:30.716Z 
    error: 
    undefined

    2022-07-05T00:03:30.765Z 
    error: 
    undefined

    2022-07-05T00:03:30.825Z 
    error: 
    undefined

    2022-07-05T00:06:11.603Z 
    error: 
    undefined

    2022-07-05T00:06:11.656Z 
    error: 
    undefined

    2022-07-05T00:06:11.689Z 
    error: 
    undefined

    2022-07-05T00:06:11.740Z 
    error: 
    undefined

    2022-07-05T00:06:11.778Z 
    error: 
    undefined

    2022-07-05T00:06:11.828Z 
    error: 
    undefined

    2022-07-05T00:06:11.890Z 
    error: 
    undefined

    2022-07-05T00:06:11.937Z 
    error: 
    undefined

    2022-07-05T00:06:12.000Z 
    error: 
    undefined

    2022-07-05T00:06:12.058Z 
    error: 
    undefined

    2022-07-05T00:06:12.112Z 
    error: 
    undefined

    2022-07-05T00:06:12.159Z 
    error: 
    undefined

    2022-07-05T00:06:12.202Z 
    error: 
    undefined

    2022-07-05T00:06:12.290Z 
    error: 
    undefined

    2022-07-05T00:07:34.805Z 
    error: 
    undefined

    2022-07-05T00:07:34.874Z 
    error: 
    undefined

    2022-07-05T00:07:34.905Z 
    error: 
    undefined

    2022-07-05T00:07:34.929Z 
    error: 
    undefined

    2022-07-05T00:07:34.970Z 
    error: 
    undefined

    2022-07-05T00:07:35.022Z 
    error: 
    undefined

    2022-07-05T00:07:35.191Z 
    error: 
    undefined

    2022-07-05T00:07:35.311Z 
    error: 
    undefined

    2022-07-05T00:07:35.362Z 
    error: 
    undefined

    2022-07-05T00:07:35.389Z 
    error: 
    undefined

    2022-07-05T00:07:35.407Z 
    error: 
    undefined

    2022-07-05T00:07:35.522Z 
    error: 
    undefined

    2022-07-05T00:07:35.547Z 
    error: 
    undefined

    2022-07-05T00:07:35.574Z 
    error: 
    undefined

    2022-07-05T00:07:41.616Z 
    error: 
    undefined

    2022-07-05T00:08:05.287Z 
    error: 
    undefined

    2022-07-05T00:08:05.318Z 
    error: 
    undefined

    2022-07-05T00:08:05.349Z 
    error: 
    undefined

    2022-07-05T00:08:05.378Z 
    error: 
    undefined

    2022-07-05T00:08:05.430Z 
    error: 
    undefined

    2022-07-05T00:08:05.459Z 
    error: 
    undefined

    2022-07-05T00:08:05.489Z 
    error: 
    undefined

    2022-07-05T00:08:05.524Z 
    error: 
    undefined

    2022-07-05T00:08:05.581Z 
    error: 
    undefined

    2022-07-05T00:08:05.635Z 
    error: 
    undefined

    2022-07-05T00:08:05.697Z 
    error: 
    undefined

    2022-07-05T00:08:05.745Z 
    error: 
    undefined

    2022-07-05T00:08:05.793Z 
    error: 
    undefined

    2022-07-05T00:08:05.835Z 
    error: 
    undefined

    2022-07-05T00:08:31.593Z 
    error: 
    undefined

    2022-07-05T00:08:31.613Z 
    error: 
    undefined

    2022-07-05T00:08:31.632Z 
    error: 
    undefined

    2022-07-05T00:08:31.663Z 
    error: 
    undefined

    2022-07-05T00:08:31.693Z 
    error: 
    undefined

    2022-07-05T00:08:31.717Z 
    error: 
    undefined

    2022-07-05T00:08:31.767Z 
    error: 
    undefined

    2022-07-05T00:08:31.917Z 
    error: 
    undefined

    2022-07-05T00:08:32.002Z 
    error: 
    undefined

    2022-07-05T00:08:32.116Z 
    error: 
    undefined

    2022-07-05T00:08:32.170Z 
    error: 
    undefined

    2022-07-05T00:08:32.221Z 
    error: 
    undefined

    2022-07-05T00:08:32.288Z 
    error: 
    undefined

    2022-07-05T00:08:32.329Z 
    error: 
    undefined

    2022-07-05T00:08:37.164Z 
    error: 
    undefined

    2022-07-05T00:16:43.093Z 
    error: 
    undefined

    2022-07-05T00:16:43.106Z 
    error: 
    undefined

    2022-07-05T00:16:43.137Z 
    error: 
    undefined

    2022-07-05T00:16:43.160Z 
    error: 
    undefined

    2022-07-05T00:16:43.186Z 
    error: 
    undefined

    2022-07-05T00:16:43.211Z 
    error: 
    undefined

    2022-07-05T00:16:43.233Z 
    error: 
    undefined

    2022-07-05T00:16:43.256Z 
    error: 
    undefined

    2022-07-05T00:16:43.283Z 
    error: 
    undefined

    2022-07-05T00:16:43.328Z 
    error: 
    undefined

    2022-07-05T00:16:43.352Z 
    error: 
    undefined

    2022-07-05T00:16:43.380Z 
    error: 
    undefined

    2022-07-05T00:16:43.415Z 
    error: 
    undefined

    2022-07-05T00:16:43.451Z 
    error: 
    undefined

    2022-07-05T00:18:17.334Z 
    error: 
    undefined

    2022-07-05T00:18:17.363Z 
    error: 
    undefined

    2022-07-05T00:18:17.384Z 
    error: 
    undefined

    2022-07-05T00:18:17.412Z 
    error: 
    undefined

    2022-07-05T00:18:17.435Z 
    error: 
    undefined

    2022-07-05T00:18:17.471Z 
    error: 
    undefined

    2022-07-05T00:18:17.499Z 
    error: 
    undefined

    2022-07-05T00:18:17.521Z 
    error: 
    undefined

    2022-07-05T00:18:17.543Z 
    error: 
    undefined

    2022-07-05T00:18:17.562Z 
    error: 
    undefined

    2022-07-05T00:18:17.614Z 
    error: 
    undefined

    2022-07-05T00:18:17.638Z 
    error: 
    undefined

    2022-07-05T00:18:17.653Z 
    error: 
    undefined

    2022-07-05T00:18:17.667Z 
    error: 
    undefined

    2022-07-05T00:18:20.728Z 
    error: 
    undefined

    2022-07-05T02:23:31.261Z 
    error: 
    undefined

    2022-07-05T02:23:31.289Z 
    error: 
    undefined

    2022-07-05T02:23:31.315Z 
    error: 
    undefined

    2022-07-05T02:23:31.408Z 
    error: 
    undefined

    2022-07-05T02:23:31.500Z 
    error: 
    undefined

    2022-07-05T02:23:31.559Z 
    error: 
    undefined

    2022-07-05T02:23:31.651Z 
    error: 
    undefined

    2022-07-05T02:23:31.693Z 
    error: 
    undefined

    2022-07-05T02:23:31.727Z 
    error: 
    undefined

    2022-07-05T02:23:31.761Z 
    error: 
    undefined

    2022-07-05T02:23:31.791Z 
    error: 
    undefined

    2022-07-05T02:23:31.832Z 
    error: 
    undefined

    2022-07-05T02:23:31.862Z 
    error: 
    undefined

    2022-07-05T02:23:31.903Z 
    error: 
    undefined

    2022-07-05T02:23:37.738Z 
    error: 
    undefined

    2022-07-05T02:24:11.805Z 
    error: 
    undefined

    2022-07-05T02:24:11.873Z 
    error: 
    undefined

    2022-07-05T02:24:11.926Z 
    error: 
    undefined

    2022-07-05T02:24:11.977Z 
    error: 
    undefined

    2022-07-05T02:24:12.051Z 
    error: 
    undefined

    2022-07-05T02:24:12.138Z 
    error: 
    undefined

    2022-07-05T02:24:12.210Z 
    error: 
    undefined

    2022-07-05T02:24:12.299Z 
    error: 
    undefined

    2022-07-05T02:24:12.410Z 
    error: 
    undefined

    2022-07-05T02:24:12.471Z 
    error: 
    undefined

    2022-07-05T02:24:12.518Z 
    error: 
    undefined

    2022-07-05T02:24:12.568Z 
    error: 
    undefined

    2022-07-05T02:24:12.654Z 
    error: 
    undefined

    2022-07-05T02:24:12.714Z 
    error: 
    undefined

    2022-07-05T02:24:29.736Z 
    error: 
    undefined

    2022-07-05T02:58:47.634Z 
    error: 
    undefined

    2022-07-05T02:58:47.674Z 
    error: 
    undefined

    2022-07-05T02:58:47.703Z 
    error: 
    undefined

    2022-07-05T02:58:47.738Z 
    error: 
    undefined

    2022-07-05T02:58:47.839Z 
    error: 
    undefined

    2022-07-05T02:58:47.951Z 
    error: 
    undefined

    2022-07-05T02:58:48.039Z 
    error: 
    undefined

    2022-07-05T02:58:48.190Z 
    error: 
    undefined

    2022-07-05T02:58:48.287Z 
    error: 
    undefined

    2022-07-05T02:58:48.338Z 
    error: 
    undefined

    2022-07-05T02:58:48.372Z 
    error: 
    undefined

    2022-07-05T02:58:48.432Z 
    error: 
    undefined

    2022-07-05T02:58:48.486Z 
    error: 
    undefined

    2022-07-05T02:58:48.523Z 
    error: 
    undefined

    2022-07-05T18:41:53.602Z 
    error: 
    undefined

    2022-07-05T18:41:53.685Z 
    error: 
    undefined

    2022-07-05T18:41:53.798Z 
    error: 
    undefined

    2022-07-05T18:41:53.827Z 
    error: 
    undefined

    2022-07-05T18:41:53.869Z 
    error: 
    undefined

    2022-07-05T18:41:53.954Z 
    error: 
    undefined

    2022-07-05T18:41:53.988Z 
    error: 
    undefined

    2022-07-05T18:41:54.050Z 
    error: 
    undefined

    2022-07-05T18:41:54.090Z 
    error: 
    undefined

    2022-07-05T18:41:54.119Z 
    error: 
    undefined

    2022-07-05T18:41:54.178Z 
    error: 
    undefined

    2022-07-05T18:41:54.209Z 
    error: 
    undefined

    2022-07-05T18:41:54.640Z 
    error: 
    undefined

    2022-07-05T18:41:56.702Z 
    error: 
    undefined

    2022-07-05T18:43:46.383Z 
    error: 
    undefined

    2022-07-05T18:43:46.418Z 
    error: 
    undefined

    2022-07-05T18:43:46.445Z 
    error: 
    undefined

    2022-07-05T18:43:46.478Z 
    error: 
    undefined

    2022-07-05T18:43:46.506Z 
    error: 
    undefined

    2022-07-05T18:43:46.529Z 
    error: 
    undefined

    2022-07-05T18:43:46.557Z 
    error: 
    undefined

    2022-07-05T18:43:46.600Z 
    error: 
    undefined

    2022-07-05T18:43:46.623Z 
    error: 
    undefined

    2022-07-05T18:43:46.655Z 
    error: 
    undefined

    2022-07-05T18:43:46.689Z 
    error: 
    undefined

    2022-07-05T18:43:46.725Z 
    error: 
    undefined

    2022-07-05T18:43:46.761Z 
    error: 
    undefined

    2022-07-05T18:43:46.816Z 
    error: 
    undefined

    2022-07-05T19:05:52.476Z 
    error: 
    This mail already exists

    2022-07-05T19:05:53.164Z 
    error: 
    This mail already exists

    2022-07-05T19:07:48.399Z 
    error: 
    This mail already exists

    2022-07-05T19:09:12.679Z 
    error: 
    undefined

    2022-07-05T19:09:12.707Z 
    error: 
    undefined

    2022-07-05T19:09:12.731Z 
    error: 
    undefined

    2022-07-05T19:09:12.767Z 
    error: 
    undefined

    2022-07-05T19:09:12.879Z 
    error: 
    undefined

    2022-07-05T19:09:12.926Z 
    error: 
    undefined

    2022-07-05T19:09:12.978Z 
    error: 
    undefined

    2022-07-05T19:09:13.011Z 
    error: 
    undefined

    2022-07-05T19:09:13.070Z 
    error: 
    undefined

    2022-07-05T19:09:13.123Z 
    error: 
    undefined

    2022-07-05T19:09:13.173Z 
    error: 
    undefined

    2022-07-05T19:09:13.272Z 
    error: 
    undefined

    2022-07-05T19:09:13.363Z 
    error: 
    undefined

    2022-07-05T19:09:13.491Z 
    error: 
    undefined

    2022-07-05T19:09:36.728Z 
    error: 
    undefined

    2022-07-05T19:09:36.770Z 
    error: 
    undefined

    2022-07-05T19:09:36.790Z 
    error: 
    undefined

    2022-07-05T19:09:36.816Z 
    error: 
    undefined

    2022-07-05T19:09:36.845Z 
    error: 
    undefined

    2022-07-05T19:09:36.871Z 
    error: 
    undefined

    2022-07-05T19:09:36.892Z 
    error: 
    undefined

    2022-07-05T19:09:36.921Z 
    error: 
    undefined

    2022-07-05T19:09:37.021Z 
    error: 
    undefined

    2022-07-05T19:09:37.118Z 
    error: 
    undefined

    2022-07-05T19:09:37.154Z 
    error: 
    undefined

    2022-07-05T19:09:37.251Z 
    error: 
    undefined

    2022-07-05T19:09:37.348Z 
    error: 
    undefined

    2022-07-05T19:09:37.532Z 
    error: 
    undefined

    2022-07-05T19:09:45.390Z 
    error: 
    undefined

    2022-07-05T19:09:45.410Z 
    error: 
    undefined

    2022-07-05T19:09:45.434Z 
    error: 
    undefined

    2022-07-05T19:09:45.457Z 
    error: 
    undefined

    2022-07-05T19:09:45.480Z 
    error: 
    undefined

    2022-07-05T19:09:45.505Z 
    error: 
    undefined

    2022-07-05T19:09:45.526Z 
    error: 
    undefined

    2022-07-05T19:09:45.548Z 
    error: 
    undefined

    2022-07-05T19:09:45.571Z 
    error: 
    undefined

    2022-07-05T19:09:45.713Z 
    error: 
    undefined

    2022-07-05T19:09:45.765Z 
    error: 
    undefined

    2022-07-05T19:09:45.798Z 
    error: 
    undefined

    2022-07-05T19:09:45.837Z 
    error: 
    undefined

    2022-07-05T19:09:45.858Z 
    error: 
    undefined

    2022-07-05T19:09:52.898Z 
    error: 
    undefined

    2022-07-05T19:09:52.936Z 
    error: 
    undefined

    2022-07-05T19:09:52.961Z 
    error: 
    undefined

    2022-07-05T19:09:52.979Z 
    error: 
    undefined

    2022-07-05T19:09:53.003Z 
    error: 
    undefined

    2022-07-05T19:09:53.025Z 
    error: 
    undefined

    2022-07-05T19:09:53.046Z 
    error: 
    undefined

    2022-07-05T19:09:53.069Z 
    error: 
    undefined

    2022-07-05T19:09:53.115Z 
    error: 
    undefined

    2022-07-05T19:09:53.286Z 
    error: 
    undefined

    2022-07-05T19:09:53.371Z 
    error: 
    undefined

    2022-07-05T19:09:53.465Z 
    error: 
    undefined

    2022-07-05T19:09:53.495Z 
    error: 
    undefined

    2022-07-05T19:09:53.516Z 
    error: 
    undefined

    2022-07-05T19:10:42.508Z 
    error: 
    This mail already exists

    2022-07-05T19:17:19.907Z 
    error: 
    undefined

    2022-07-05T19:17:19.933Z 
    error: 
    undefined

    2022-07-05T19:17:19.970Z 
    error: 
    undefined

    2022-07-05T19:17:19.999Z 
    error: 
    undefined

    2022-07-05T19:17:20.036Z 
    error: 
    undefined

    2022-07-05T19:17:20.064Z 
    error: 
    undefined

    2022-07-05T19:17:20.193Z 
    error: 
    undefined

    2022-07-05T19:17:20.286Z 
    error: 
    undefined

    2022-07-05T19:17:20.347Z 
    error: 
    undefined

    2022-07-05T19:17:20.371Z 
    error: 
    undefined

    2022-07-05T19:17:20.391Z 
    error: 
    undefined

    2022-07-05T19:17:20.411Z 
    error: 
    undefined

    2022-07-05T19:17:20.432Z 
    error: 
    undefined

    2022-07-05T19:17:20.455Z 
    error: 
    undefined

    2022-07-05T19:23:29.200Z 
    error: 
    undefined

    2022-07-05T19:23:29.233Z 
    error: 
    undefined

    2022-07-05T19:23:29.324Z 
    error: 
    undefined

    2022-07-05T19:23:29.435Z 
    error: 
    undefined

    2022-07-05T19:23:29.482Z 
    error: 
    undefined

    2022-07-05T19:23:29.511Z 
    error: 
    undefined

    2022-07-05T19:23:29.538Z 
    error: 
    undefined

    2022-07-05T19:23:29.583Z 
    error: 
    undefined

    2022-07-05T19:23:29.623Z 
    error: 
    undefined

    2022-07-05T19:23:29.678Z 
    error: 
    undefined

    2022-07-05T19:23:29.728Z 
    error: 
    undefined

    2022-07-05T19:23:29.780Z 
    error: 
    undefined

    2022-07-05T19:23:29.842Z 
    error: 
    undefined

    2022-07-05T19:23:29.911Z 
    error: 
    undefined

    2022-07-05T19:23:55.537Z 
    error: 
    undefined

    2022-07-05T19:23:55.561Z 
    error: 
    undefined

    2022-07-05T19:23:55.594Z 
    error: 
    undefined

    2022-07-05T19:23:55.627Z 
    error: 
    undefined

    2022-07-05T19:23:55.648Z 
    error: 
    undefined

    2022-07-05T19:23:55.697Z 
    error: 
    undefined

    2022-07-05T19:23:55.756Z 
    error: 
    undefined

    2022-07-05T19:23:55.778Z 
    error: 
    undefined

    2022-07-05T19:23:55.798Z 
    error: 
    undefined

    2022-07-05T19:23:55.826Z 
    error: 
    undefined

    2022-07-05T19:23:55.858Z 
    error: 
    undefined

    2022-07-05T19:23:55.882Z 
    error: 
    undefined

    2022-07-05T19:23:55.915Z 
    error: 
    undefined

    2022-07-05T19:23:55.939Z 
    error: 
    undefined

    2022-07-05T19:48:56.750Z 
    warn: 
    la ruta no existe

    2022-07-05T19:50:58.847Z 
    error: 
    undefined

    2022-07-05T19:51:10.009Z 
    error: 
    undefined

    2022-07-05T19:51:59.006Z 
    error: 
    undefined

    2022-07-05T19:52:00.473Z 
    error: 
    undefined

    2022-07-05T19:52:00.746Z 
    error: 
    undefined

    2022-07-05T19:52:09.120Z 
    error: 
    undefined

    2022-07-05T19:52:09.152Z 
    error: 
    undefined

    2022-07-05T19:52:09.231Z 
    error: 
    undefined

    2022-07-05T19:52:09.336Z 
    error: 
    undefined

    2022-07-05T19:52:09.450Z 
    error: 
    undefined

    2022-07-05T19:52:09.551Z 
    error: 
    undefined

    2022-07-05T19:52:09.602Z 
    error: 
    undefined

    2022-07-05T19:52:09.676Z 
    error: 
    undefined

    2022-07-05T19:52:09.806Z 
    error: 
    undefined

    2022-07-05T19:52:09.893Z 
    error: 
    undefined

    2022-07-05T19:52:09.932Z 
    error: 
    undefined

    2022-07-05T19:52:10.248Z 
    error: 
    undefined

    2022-07-05T19:52:10.358Z 
    error: 
    undefined

    2022-07-05T19:52:10.583Z 
    error: 
    undefined

    2022-07-05T19:52:14.912Z 
    error: 
    undefined

    2022-07-05T19:54:21.914Z 
    error: 
    undefined

    2022-07-05T19:54:40.784Z 
    error: 
    undefined

    2022-07-05T19:54:47.072Z 
    error: 
    undefined

    2022-07-05T19:54:47.993Z 
    error: 
    undefined

    2022-07-05T19:54:55.749Z 
    error: 
    undefined

    2022-07-05T19:54:58.739Z 
    error: 
    undefined

    2022-07-05T19:55:10.526Z 
    error: 
    undefined

    2022-07-05T19:55:41.312Z 
    error: 
    undefined

    2022-07-05T19:56:09.101Z 
    error: 
    undefined

    2022-07-05T19:58:11.417Z 
    error: 
    undefined

    2022-07-05T19:58:11.509Z 
    error: 
    undefined

    2022-07-05T19:58:11.585Z 
    error: 
    undefined

    2022-07-05T19:59:21.255Z 
    error: 
    undefined

    2022-07-05T20:01:53.425Z 
    error: 
    undefined

    2022-07-05T20:02:35.233Z 
    error: 
    undefined

    2022-07-05T20:03:52.768Z 
    error: 
    undefined

    2022-07-05T20:08:34.504Z 
    error: 
    undefined

    2022-07-05T20:12:19.820Z 
    error: 
    undefined

    2022-07-05T20:21:07.018Z 
    error: 
    undefined

    2022-07-05T20:21:45.612Z 
    error: 
    undefined

    2022-07-05T20:23:28.318Z 
    error: 
    undefined

    2022-07-05T20:24:10.127Z 
    error: 
    undefined

    2022-07-06T06:12:52.651Z 
    error: 
    undefined

    2022-07-06T06:44:53.155Z 
    error: 
    undefined

    2022-07-06T06:44:53.255Z 
    error: 
    undefined

    2022-07-06T06:44:53.386Z 
    error: 
    undefined

    2022-07-06T06:44:53.497Z 
    error: 
    undefined

    2022-07-06T06:44:53.521Z 
    error: 
    undefined

    2022-07-06T06:44:53.548Z 
    error: 
    undefined

    2022-07-06T06:44:53.578Z 
    error: 
    undefined

    2022-07-06T06:44:53.616Z 
    error: 
    undefined

    2022-07-06T06:44:53.705Z 
    error: 
    undefined

    2022-07-06T06:44:53.764Z 
    error: 
    undefined

    2022-07-06T06:44:53.853Z 
    error: 
    undefined

    2022-07-06T06:44:53.921Z 
    error: 
    undefined

    2022-07-06T06:44:53.968Z 
    error: 
    undefined

    2022-07-06T06:44:54.006Z 
    error: 
    undefined

    2022-07-06T06:46:31.097Z 
    error: 
    undefined

    2022-07-06T06:46:31.175Z 
    error: 
    undefined

    2022-07-06T06:46:31.279Z 
    error: 
    undefined

    2022-07-06T06:46:31.328Z 
    error: 
    undefined

    2022-07-06T06:46:31.372Z 
    error: 
    undefined

    2022-07-06T06:46:31.421Z 
    error: 
    undefined

    2022-07-06T06:46:31.454Z 
    error: 
    undefined

    2022-07-06T06:46:31.502Z 
    error: 
    undefined

    2022-07-06T06:46:31.538Z 
    error: 
    undefined

    2022-07-06T06:46:31.611Z 
    error: 
    undefined

    2022-07-06T06:46:31.684Z 
    error: 
    undefined

    2022-07-06T06:46:31.893Z 
    error: 
    undefined

    2022-07-06T06:46:31.998Z 
    error: 
    undefined

    2022-07-06T06:46:32.036Z 
    error: 
    undefined

    2022-07-06T19:10:36.849Z 
    error: 
    undefined

    2022-07-06T19:10:36.919Z 
    error: 
    undefined

    2022-07-06T19:10:37.029Z 
    error: 
    undefined

    2022-07-06T19:10:37.106Z 
    error: 
    undefined

    2022-07-06T19:10:37.145Z 
    error: 
    undefined

    2022-07-06T19:10:37.187Z 
    error: 
    undefined

    2022-07-06T19:10:37.222Z 
    error: 
    undefined

    2022-07-06T19:10:37.273Z 
    error: 
    undefined

    2022-07-06T19:10:37.341Z 
    error: 
    undefined

    2022-07-06T19:10:37.430Z 
    error: 
    undefined

    2022-07-06T19:10:37.467Z 
    error: 
    undefined

    2022-07-06T19:10:37.516Z 
    error: 
    undefined

    2022-07-06T19:10:37.574Z 
    error: 
    undefined

    2022-07-06T19:10:37.611Z 
    error: 
    undefined

    2022-07-06T19:11:48.291Z 
    error: 
    undefined

    2022-07-06T19:11:48.328Z 
    error: 
    undefined

    2022-07-06T19:11:48.361Z 
    error: 
    undefined

    2022-07-06T19:11:48.397Z 
    error: 
    undefined

    2022-07-06T19:11:48.441Z 
    error: 
    undefined

    2022-07-06T19:11:48.515Z 
    error: 
    undefined

    2022-07-06T19:11:48.565Z 
    error: 
    undefined

    2022-07-06T19:11:48.606Z 
    error: 
    undefined

    2022-07-06T19:11:48.654Z 
    error: 
    undefined

    2022-07-06T19:11:48.707Z 
    error: 
    undefined

    2022-07-06T19:11:48.746Z 
    error: 
    undefined

    2022-07-06T19:11:48.788Z 
    error: 
    undefined

    2022-07-06T19:11:48.831Z 
    error: 
    undefined

    2022-07-06T19:11:48.890Z 
    error: 
    undefined

    2022-07-06T19:11:52.036Z 
    error: 
    undefined

    2022-07-06T19:11:52.067Z 
    error: 
    undefined

    2022-07-06T19:11:52.083Z 
    error: 
    undefined

    2022-07-06T19:11:52.103Z 
    error: 
    undefined

    2022-07-06T19:11:52.154Z 
    error: 
    undefined

    2022-07-06T19:11:52.176Z 
    error: 
    undefined

    2022-07-06T19:11:52.198Z 
    error: 
    undefined

    2022-07-06T19:11:52.219Z 
    error: 
    undefined

    2022-07-06T19:11:52.253Z 
    error: 
    undefined

    2022-07-06T19:11:52.307Z 
    error: 
    undefined

    2022-07-06T19:11:52.368Z 
    error: 
    undefined

    2022-07-06T19:11:52.418Z 
    error: 
    undefined

    2022-07-06T19:11:52.449Z 
    error: 
    undefined

    2022-07-06T19:11:52.486Z 
    error: 
    undefined

    2022-07-06T19:13:04.347Z 
    error: 
    undefined

    2022-07-06T19:13:04.393Z 
    error: 
    undefined

    2022-07-06T19:13:04.420Z 
    error: 
    undefined

    2022-07-06T19:13:04.453Z 
    error: 
    undefined

    2022-07-06T19:13:04.504Z 
    error: 
    undefined

    2022-07-06T19:13:04.529Z 
    error: 
    undefined

    2022-07-06T19:13:04.570Z 
    error: 
    undefined

    2022-07-06T19:13:04.603Z 
    error: 
    undefined

    2022-07-06T19:13:04.717Z 
    error: 
    undefined

    2022-07-06T19:13:04.845Z 
    error: 
    undefined

    2022-07-06T19:13:04.878Z 
    error: 
    undefined

    2022-07-06T19:13:04.908Z 
    error: 
    undefined

    2022-07-06T19:13:04.966Z 
    error: 
    undefined

    2022-07-06T19:13:05.010Z 
    error: 
    undefined

    2022-07-06T19:13:13.837Z 
    error: 
    undefined

    2022-07-06T19:13:13.875Z 
    error: 
    undefined

    2022-07-06T19:13:13.887Z 
    error: 
    undefined

    2022-07-06T19:13:13.920Z 
    error: 
    undefined

    2022-07-06T19:13:13.947Z 
    error: 
    undefined

    2022-07-06T19:13:13.971Z 
    error: 
    undefined

    2022-07-06T19:13:14.001Z 
    error: 
    undefined

    2022-07-06T19:13:14.026Z 
    error: 
    undefined

    2022-07-06T19:13:14.046Z 
    error: 
    undefined

    2022-07-06T19:13:14.072Z 
    error: 
    undefined

    2022-07-06T19:13:14.129Z 
    error: 
    undefined

    2022-07-06T19:13:14.362Z 
    error: 
    undefined

    2022-07-06T19:13:14.373Z 
    error: 
    undefined

    2022-07-06T19:13:14.399Z 
    error: 
    undefined

    2022-07-07T19:26:15.227Z 
    error: 
    undefined

    2022-07-07T19:34:31.693Z 
    error: 
    undefined

    2022-07-07T19:35:19.001Z 
    error: 
    undefined

    2022-07-07T19:36:20.063Z 
    error: 
    undefined

    2022-07-08T03:57:39.343Z 
    warn: 
    la ruta no existe

    2022-07-08T03:59:27.802Z 
    warn: 
    la ruta no existe

    2022-07-08T03:59:40.215Z 
    warn: 
    la ruta no existe

    2022-07-08T04:31:20.052Z 
    error: 
    undefined

    2022-07-08T04:31:37.738Z 
    error: 
    undefined

    2022-07-08T04:32:05.468Z 
    error: 
    undefined

    2022-07-08T04:54:16.359Z 
    error: 
    Mail doesn't exists

    2022-07-08T04:54:24.617Z 
    error: 
    Mail doesn't exists

    2022-07-08T04:54:26.133Z 
    error: 
    Mail doesn't exists

    2022-07-08T04:54:26.355Z 
    error: 
    Mail doesn't exists

    2022-07-08T04:54:26.585Z 
    error: 
    Mail doesn't exists

    2022-07-08T04:54:26.783Z 
    error: 
    Mail doesn't exists

    2022-07-08T05:00:09.282Z 
    warn: 
    la ruta no existe

    2022-07-08T18:57:26.450Z 
    warn: 
    la ruta no existe

    2022-07-08T19:23:01.315Z 
    warn: 
    la ruta no existe

    2022-07-08T19:23:03.536Z 
    warn: 
    la ruta no existe

    2022-07-08T19:49:05.544Z 
    warn: 
    la ruta no existe

    2022-07-08T19:49:06.847Z 
    warn: 
    la ruta no existe

    2022-07-08T20:02:43.171Z 
    error: 
    undefined

    2022-07-08T20:15:08.676Z 
    error: 
    undefined

    2022-07-08T21:37:27.208Z 
    error: 
    undefined

    2022-07-08T21:49:37.544Z 
    error: 
    undefined

    2022-07-11T23:16:41.097Z 
    error: 
    undefined

    2022-07-12T01:21:43.681Z 
    warn: 
    la ruta no existe

    2022-07-12T01:22:57.110Z 
    warn: 
    la ruta no existe

    2022-07-12T01:24:13.343Z 
    warn: 
    la ruta no existe

    2022-07-12T01:38:18.083Z 
    warn: 
    la ruta no existe

    2022-07-12T01:40:42.588Z 
    warn: 
    la ruta no existe

    2022-07-12T01:42:15.117Z 
    error: 
    undefined

    2022-07-12T01:42:52.267Z 
    warn: 
    la ruta no existe

    2022-07-12T01:43:44.698Z 
    warn: 
    la ruta no existe

    2022-07-12T01:43:51.739Z 
    warn: 
    la ruta no existe

    2022-07-12T01:43:54.696Z 
    warn: 
    la ruta no existe

    2022-07-12T02:16:37.344Z 
    warn: 
    la ruta no existe

    2022-07-12T02:17:04.033Z 
    error: 
    undefined

    2022-07-12T02:19:03.731Z 
    error: 
    undefined

    2022-07-12T02:20:32.934Z 
    error: 
    undefined

    2022-07-12T02:27:12.147Z 
    warn: 
    la ruta no existe

    2022-07-12T02:32:18.531Z 
    warn: 
    la ruta no existe

    2022-07-12T02:38:03.151Z 
    warn: 
    la ruta no existe

    2022-07-12T02:38:06.192Z 
    warn: 
    la ruta no existe

    2022-07-12T02:38:20.340Z 
    warn: 
    la ruta no existe

    2022-07-12T02:38:31.993Z 
    warn: 
    la ruta no existe

    2022-07-12T03:18:37.687Z 
    error: 
    undefined

    2022-07-12T03:21:15.175Z 
    error: 
    undefined

    2022-07-12T03:21:34.946Z 
    error: 
    undefined

    2022-07-12T03:22:40.860Z 
    error: 
    undefined

    2022-07-12T03:23:11.204Z 
    error: 
    undefined

    2022-07-12T03:23:14.226Z 
    error: 
    undefined

    2022-07-12T03:23:18.181Z 
    error: 
    undefined

    2022-07-12T03:23:28.178Z 
    error: 
    undefined

    2022-07-12T03:24:38.479Z 
    error: 
    undefined

    2022-07-12T03:26:37.677Z 
    error: 
    undefined

    2022-07-12T03:39:21.604Z 
    error: 
    undefined

    2022-07-12T03:55:20.531Z 
    error: 
    undefined

    2022-07-12T03:55:20.580Z 
    error: 
    undefined

    2022-07-12T03:55:20.652Z 
    error: 
    undefined

    2022-07-12T03:55:20.850Z 
    error: 
    undefined

    2022-07-12T03:55:20.976Z 
    error: 
    undefined

    2022-07-12T03:55:21.072Z 
    error: 
    undefined

    2022-07-12T03:55:21.181Z 
    error: 
    undefined

    2022-07-12T03:55:21.299Z 
    error: 
    undefined

    2022-07-12T03:55:21.622Z 
    error: 
    undefined

    2022-07-12T03:55:21.863Z 
    error: 
    undefined

    2022-07-12T03:55:21.956Z 
    error: 
    undefined

    2022-07-12T03:55:22.060Z 
    error: 
    undefined

    2022-07-12T03:55:22.130Z 
    error: 
    undefined

    2022-07-12T03:55:22.172Z 
    error: 
    undefined

    2022-07-12T03:56:27.849Z 
    error: 
    undefined

    2022-07-12T03:56:27.891Z 
    error: 
    undefined

    2022-07-12T03:56:27.980Z 
    error: 
    undefined

    2022-07-12T03:56:28.020Z 
    error: 
    undefined

    2022-07-12T03:56:28.196Z 
    error: 
    undefined

    2022-07-12T03:56:28.231Z 
    error: 
    undefined

    2022-07-12T03:56:28.393Z 
    error: 
    undefined

    2022-07-12T03:56:28.404Z 
    error: 
    undefined

    2022-07-12T03:56:28.458Z 
    error: 
    undefined

    2022-07-12T03:56:28.477Z 
    error: 
    undefined

    2022-07-12T03:56:28.498Z 
    error: 
    undefined

    2022-07-12T03:56:28.544Z 
    error: 
    undefined

    2022-07-12T03:56:28.613Z 
    error: 
    undefined

    2022-07-12T03:56:28.632Z 
    error: 
    undefined

    2022-07-12T03:56:29.333Z 
    error: 
    undefined

    2022-07-12T03:56:29.378Z 
    error: 
    undefined

    2022-07-12T03:56:29.406Z 
    error: 
    undefined

    2022-07-12T03:56:29.439Z 
    error: 
    undefined

    2022-07-12T03:56:29.468Z 
    error: 
    undefined

    2022-07-12T03:56:29.550Z 
    error: 
    undefined

    2022-07-12T03:56:29.620Z 
    error: 
    undefined

    2022-07-12T03:56:29.695Z 
    error: 
    undefined

    2022-07-12T03:56:29.731Z 
    error: 
    undefined

    2022-07-12T03:56:29.804Z 
    error: 
    undefined

    2022-07-12T03:56:29.839Z 
    error: 
    undefined

    2022-07-12T03:56:29.883Z 
    error: 
    undefined

    2022-07-12T03:56:29.916Z 
    error: 
    undefined

    2022-07-12T03:56:30.039Z 
    error: 
    undefined

    2022-07-12T03:56:30.232Z 
    error: 
    undefined

    2022-07-12T03:56:30.250Z 
    error: 
    undefined

    2022-07-12T03:56:30.296Z 
    error: 
    undefined

    2022-07-12T03:56:30.316Z 
    error: 
    undefined

    2022-07-12T03:56:30.348Z 
    error: 
    undefined

    2022-07-12T03:56:30.394Z 
    error: 
    undefined

    2022-07-12T03:56:30.438Z 
    error: 
    undefined

    2022-07-12T03:56:30.449Z 
    error: 
    undefined

    2022-07-12T03:56:30.472Z 
    error: 
    undefined

    2022-07-12T03:56:30.520Z 
    error: 
    undefined

    2022-07-12T03:56:30.539Z 
    error: 
    undefined

    2022-07-12T03:56:30.580Z 
    error: 
    undefined

    2022-07-12T03:56:30.614Z 
    error: 
    undefined

    2022-07-12T03:56:30.644Z 
    error: 
    undefined

    2022-07-12T04:04:19.569Z 
    error: 
    undefined

    2022-07-12T04:04:19.816Z 
    error: 
    undefined

    2022-07-12T04:04:19.988Z 
    error: 
    undefined

    2022-07-12T04:04:20.054Z 
    error: 
    undefined

    2022-07-12T04:04:20.195Z 
    error: 
    undefined

    2022-07-12T04:04:20.240Z 
    error: 
    undefined

    2022-07-12T04:04:20.281Z 
    error: 
    undefined

    2022-07-12T04:04:20.311Z 
    error: 
    undefined

    2022-07-12T04:04:20.354Z 
    error: 
    undefined

    2022-07-12T04:04:20.378Z 
    error: 
    undefined

    2022-07-12T04:04:20.441Z 
    error: 
    undefined

    2022-07-12T04:04:20.466Z 
    error: 
    undefined

    2022-07-12T04:04:20.478Z 
    error: 
    undefined

    2022-07-12T04:04:20.517Z 
    error: 
    undefined

    2022-07-12T04:29:29.277Z 
    error: 
    undefined

    2022-07-12T04:29:29.322Z 
    error: 
    undefined

    2022-07-12T04:29:29.353Z 
    error: 
    undefined

    2022-07-12T04:29:29.371Z 
    error: 
    undefined

    2022-07-12T04:29:29.517Z 
    error: 
    undefined

    2022-07-12T04:29:29.573Z 
    error: 
    undefined

    2022-07-12T04:29:29.692Z 
    error: 
    undefined

    2022-07-12T04:29:29.727Z 
    error: 
    undefined

    2022-07-12T04:29:29.739Z 
    error: 
    undefined

    2022-07-12T04:29:29.756Z 
    error: 
    undefined

    2022-07-12T04:29:29.822Z 
    error: 
    undefined

    2022-07-12T04:29:29.837Z 
    error: 
    undefined

    2022-07-12T04:29:29.878Z 
    error: 
    undefined

    2022-07-12T04:29:29.896Z 
    error: 
    undefined

    2022-07-12T04:43:46.026Z 
    error: 
    undefined

    2022-07-12T04:43:46.078Z 
    error: 
    undefined

    2022-07-12T04:43:46.146Z 
    error: 
    undefined

    2022-07-12T04:43:46.191Z 
    error: 
    undefined

    2022-07-12T04:43:46.230Z 
    error: 
    undefined

    2022-07-12T04:43:46.274Z 
    error: 
    undefined

    2022-07-12T04:43:46.331Z 
    error: 
    undefined

    2022-07-12T04:43:46.427Z 
    error: 
    undefined

    2022-07-12T04:43:46.466Z 
    error: 
    undefined

    2022-07-12T04:43:46.537Z 
    error: 
    undefined

    2022-07-12T04:43:46.599Z 
    error: 
    undefined

    2022-07-12T04:43:46.695Z 
    error: 
    undefined

    2022-07-12T04:43:46.726Z 
    error: 
    undefined

    2022-07-12T04:43:46.762Z 
    error: 
    undefined

    2022-07-12T04:44:26.250Z 
    warn: 
    la ruta no existe

    2022-07-12T04:44:27.138Z 
    warn: 
    la ruta no existe

    2022-07-12T17:45:01.547Z 
    warn: 
    la ruta no existe

    2022-07-12T18:06:15.229Z 
    warn: 
    la ruta no existe

    2022-07-12T18:23:31.035Z 
    error: 
    undefined

    2022-07-12T18:24:56.124Z 
    error: 
    undefined

    2022-07-12T18:26:02.164Z 
    error: 
    undefined

    2022-07-13T17:36:43.548Z 
    error: 
    Mail doesn't exists

    2022-07-13T17:36:54.854Z 
    error: 
    Mail doesn't exists

    2022-07-14T16:14:25.272Z 
    warn: 
    la ruta no existe

    2022-07-14T16:14:26.576Z 
    warn: 
    la ruta no existe

    2022-07-14T18:07:02.854Z 
    error: 
    undefined

    2022-07-14T18:14:29.112Z 
    error: 
    undefined

    2022-07-14T18:16:04.924Z 
    error: 
    undefined

    2022-07-14T18:37:00.572Z 
    error: 
    undefined

    2022-07-14T18:37:06.334Z 
    error: 
    undefined

    2022-07-14T18:43:36.401Z 
    error: 
    undefined

    2022-07-14T19:02:28.233Z 
    warn: 
    la ruta no existe

    2022-07-14T19:02:28.280Z 
    warn: 
    la ruta no existe

    2022-07-14T19:02:28.324Z 
    warn: 
    la ruta no existe

    2022-07-14T19:02:28.357Z 
    warn: 
    la ruta no existe

    2022-07-14T19:02:28.394Z 
    warn: 
    la ruta no existe

    2022-07-14T19:02:28.429Z 
    warn: 
    la ruta no existe

    2022-07-14T19:02:28.447Z 
    warn: 
    la ruta no existe

    2022-07-14T19:02:28.477Z 
    warn: 
    la ruta no existe

    2022-07-14T19:02:28.522Z 
    warn: 
    la ruta no existe

    2022-07-14T19:02:28.535Z 
    warn: 
    la ruta no existe

    2022-07-14T19:02:28.578Z 
    warn: 
    la ruta no existe

    2022-07-14T19:02:28.626Z 
    warn: 
    la ruta no existe

    2022-07-14T19:02:28.677Z 
    warn: 
    la ruta no existe

    2022-07-14T19:02:28.696Z 
    warn: 
    la ruta no existe

    2022-07-14T19:03:15.400Z 
    warn: 
    la ruta no existe

    2022-07-14T19:03:15.460Z 
    warn: 
    la ruta no existe

    2022-07-14T19:03:15.507Z 
    warn: 
    la ruta no existe

    2022-07-14T19:03:15.983Z 
    warn: 
    la ruta no existe

    2022-07-14T19:03:16.260Z 
    warn: 
    la ruta no existe

    2022-07-14T19:03:16.402Z 
    warn: 
    la ruta no existe

    2022-07-14T19:03:16.496Z 
    warn: 
    la ruta no existe

    2022-07-14T19:03:16.588Z 
    warn: 
    la ruta no existe

    2022-07-14T19:03:16.633Z 
    warn: 
    la ruta no existe

    2022-07-14T19:03:16.753Z 
    warn: 
    la ruta no existe

    2022-07-14T19:03:16.920Z 
    warn: 
    la ruta no existe

    2022-07-14T19:03:17.042Z 
    warn: 
    la ruta no existe

    2022-07-14T19:03:17.356Z 
    warn: 
    la ruta no existe

    2022-07-14T19:03:17.415Z 
    warn: 
    la ruta no existe

    2022-07-14T19:03:26.565Z 
    warn: 
    la ruta no existe

    2022-07-14T19:03:26.748Z 
    warn: 
    la ruta no existe

    2022-07-14T19:03:26.803Z 
    warn: 
    la ruta no existe

    2022-07-14T19:03:26.877Z 
    warn: 
    la ruta no existe

    2022-07-14T19:03:26.970Z 
    warn: 
    la ruta no existe

    2022-07-14T19:03:27.084Z 
    warn: 
    la ruta no existe

    2022-07-14T19:03:27.131Z 
    warn: 
    la ruta no existe

    2022-07-14T19:03:27.161Z 
    warn: 
    la ruta no existe

    2022-07-14T19:03:27.266Z 
    warn: 
    la ruta no existe

    2022-07-14T19:03:28.525Z 
    warn: 
    la ruta no existe

    2022-07-14T19:03:28.654Z 
    warn: 
    la ruta no existe

    2022-07-14T19:03:28.684Z 
    warn: 
    la ruta no existe

    2022-07-14T19:03:28.736Z 
    warn: 
    la ruta no existe

    2022-07-14T19:03:28.879Z 
    warn: 
    la ruta no existe

    2022-07-14T19:03:29.411Z 
    warn: 
    la ruta no existe

    2022-07-14T19:03:29.453Z 
    warn: 
    la ruta no existe

    2022-07-14T19:03:29.494Z 
    warn: 
    la ruta no existe

    2022-07-14T19:03:29.583Z 
    warn: 
    la ruta no existe

    2022-07-14T19:03:29.663Z 
    warn: 
    la ruta no existe

    2022-07-14T19:03:29.741Z 
    warn: 
    la ruta no existe

    2022-07-14T19:03:29.763Z 
    warn: 
    la ruta no existe

    2022-07-14T19:03:29.812Z 
    warn: 
    la ruta no existe

    2022-07-14T19:03:29.889Z 
    warn: 
    la ruta no existe

    2022-07-14T19:03:30.097Z 
    warn: 
    la ruta no existe

    2022-07-14T19:03:31.587Z 
    warn: 
    la ruta no existe

    2022-07-14T19:03:31.951Z 
    warn: 
    la ruta no existe

    2022-07-14T19:03:31.987Z 
    warn: 
    la ruta no existe

    2022-07-14T19:03:32.042Z 
    warn: 
    la ruta no existe

    2022-07-14T19:03:38.330Z 
    warn: 
    la ruta no existe

    2022-07-14T19:03:38.344Z 
    warn: 
    la ruta no existe

    2022-07-14T19:03:38.361Z 
    warn: 
    la ruta no existe

    2022-07-14T19:03:38.477Z 
    warn: 
    la ruta no existe

    2022-07-14T19:03:38.896Z 
    warn: 
    la ruta no existe

    2022-07-14T19:03:38.997Z 
    warn: 
    la ruta no existe

    2022-07-14T19:03:39.014Z 
    warn: 
    la ruta no existe

    2022-07-14T19:03:39.158Z 
    warn: 
    la ruta no existe

    2022-07-14T19:03:39.170Z 
    warn: 
    la ruta no existe

    2022-07-14T19:03:39.318Z 
    warn: 
    la ruta no existe

    2022-07-14T19:03:39.499Z 
    warn: 
    la ruta no existe

    2022-07-14T19:03:39.561Z 
    warn: 
    la ruta no existe

    2022-07-14T19:03:39.721Z 
    warn: 
    la ruta no existe

    2022-07-14T19:03:39.754Z 
    warn: 
    la ruta no existe

    2022-07-14T19:03:40.126Z 
    warn: 
    la ruta no existe

    2022-07-14T19:03:40.152Z 
    warn: 
    la ruta no existe

    2022-07-14T19:03:40.172Z 
    warn: 
    la ruta no existe

    2022-07-14T19:03:40.234Z 
    warn: 
    la ruta no existe

    2022-07-14T19:03:40.269Z 
    warn: 
    la ruta no existe

    2022-07-14T19:03:40.340Z 
    warn: 
    la ruta no existe

    2022-07-14T19:03:40.348Z 
    warn: 
    la ruta no existe

    2022-07-14T19:03:40.368Z 
    warn: 
    la ruta no existe

    2022-07-14T19:03:40.397Z 
    warn: 
    la ruta no existe

    2022-07-14T19:03:40.429Z 
    warn: 
    la ruta no existe

    2022-07-14T19:03:40.449Z 
    warn: 
    la ruta no existe

    2022-07-14T19:03:40.483Z 
    warn: 
    la ruta no existe

    2022-07-14T19:03:40.502Z 
    warn: 
    la ruta no existe

    2022-07-14T19:03:40.527Z 
    warn: 
    la ruta no existe

    2022-07-14T19:03:42.268Z 
    warn: 
    la ruta no existe

    2022-07-14T19:03:42.299Z 
    warn: 
    la ruta no existe

    2022-07-14T19:03:42.410Z 
    warn: 
    la ruta no existe

    2022-07-14T19:03:42.416Z 
    warn: 
    la ruta no existe

    2022-07-14T19:03:42.422Z 
    warn: 
    la ruta no existe

    2022-07-14T19:03:42.499Z 
    warn: 
    la ruta no existe

    2022-07-14T19:03:42.528Z 
    warn: 
    la ruta no existe

    2022-07-14T19:03:42.618Z 
    warn: 
    la ruta no existe

    2022-07-14T19:03:42.640Z 
    warn: 
    la ruta no existe

    2022-07-14T19:03:42.659Z 
    warn: 
    la ruta no existe

    2022-07-14T19:03:42.756Z 
    warn: 
    la ruta no existe

    2022-07-14T19:03:42.829Z 
    warn: 
    la ruta no existe

    2022-07-14T19:03:42.838Z 
    warn: 
    la ruta no existe

    2022-07-14T19:03:42.845Z 
    warn: 
    la ruta no existe

    2022-07-15T15:37:28.453Z 
    warn: 
    la ruta no existe

    2022-07-15T15:49:02.855Z 
    error: 
    undefined

    2022-07-15T16:09:30.663Z 
    error: 
    undefined

    2022-07-15T16:39:42.357Z 
    error: 
    undefined

    2022-07-15T16:39:54.491Z 
    error: 
    undefined

    2022-07-15T16:40:18.920Z 
    error: 
    undefined

    2022-07-15T19:53:12.109Z 
    warn: 
    la ruta no existe

    2022-07-15T19:56:35.290Z 
    error: 
    undefined

    2022-07-15T20:05:31.100Z 
    error: 
    undefined

    2022-07-15T20:14:51.889Z 
    error: 
    undefined

    2022-07-15T20:16:41.000Z 
    error: 
    undefined

    2022-07-15T20:22:50.357Z 
    error: 
    undefined

    2022-07-15T20:26:04.905Z 
    error: 
    undefined

    2022-07-15T20:32:20.288Z 
    error: 
    undefined

    2022-07-15T20:37:24.723Z 
    error: 
    undefined

    2022-07-16T17:14:14.782Z 
    warn: 
    la ruta no existe

    2022-07-16T17:31:04.038Z 
    error: 
    undefined

    2022-07-16T17:47:44.568Z 
    error: 
    undefined

    2022-07-16T17:49:10.531Z 
    error: 
    undefined

    2022-07-16T17:50:21.487Z 
    error: 
    undefined

    2022-07-16T17:50:29.964Z 
    error: 
    undefined

    2022-07-16T17:51:37.864Z 
    error: 
    undefined

    2022-07-16T17:56:31.021Z 
    error: 
    undefined

    2022-07-18T19:24:03.210Z 
    warn: 
    la ruta no existe

    2022-07-18T23:07:10.870Z 
    warn: 
    la ruta no existe

    2022-07-18T23:07:27.192Z 
    error: 
    Mail doesn't exists

    2022-07-18T23:48:22.834Z 
    error: 
    Mail doesn't exists

    2022-07-19T02:12:30.884Z 
    error: 
    undefined

    2022-07-19T05:04:29.023Z 
    error: 
    undefined

    2022-07-19T05:05:04.612Z 
    error: 
    undefined

    2022-07-19T05:05:10.631Z 
    error: 
    undefined

    2022-07-19T05:16:07.517Z 
    error: 
    undefined

    2022-07-19T05:16:08.101Z 
    error: 
    undefined

    2022-07-19T05:16:14.968Z 
    error: 
    undefined

    2022-07-19T05:16:15.923Z 
    error: 
    undefined

    2022-07-19T05:17:00.954Z 
    error: 
    undefined

    2022-07-19T05:17:01.585Z 
    error: 
    undefined
